This is pdfTeX, Version 3.141592653-2.6-1.40.26 (TeX Live 2024) (preloaded format=latex 2024.4.2)  30 JUN 2025 21:01
entering extended mode
 restricted \write18 enabled.
 %&-line parsing enabled.
**\scrollmode

*
(Please type a command or say `\end')
*\documentclass[12pt]{article}

*\let\paperwidthsave\paperwidth\let\paperwidth\undefined
(c:/texlive/2024/texmf-dist/tex/latex/base/article.cls
Document Class: article 2023/05/17 v1.4n Standard LaTeX document class
(c:/texlive/2024/texmf-dist/tex/latex/base/size12.clo
File: size12.clo 2023/05/17 v1.4n Standard LaTeX file (size option)
)
\c@part=\count188
\c@section=\count189
\c@subsection=\count190
\c@subsubsection=\count191
\c@paragraph=\count192
\c@subparagraph=\count193
\c@figure=\count194
\c@table=\count195
\abovecaptionskip=\skip48
\belowcaptionskip=\skip49
\bibindent=\dimen140
)
*\usepackage{graphicx}

*\let\paperwidth\paperwidthsave
(c:/texlive/2024/texmf-dist/tex/latex/graphics/graphicx.sty
Package: graphicx 2021/09/16 v1.2d Enhanced LaTeX Graphics (DPC,SPQR)

(c:/texlive/2024/texmf-dist/tex/latex/graphics/keyval.sty
Package: keyval 2022/05/29 v1.15 key=value parser (DPC)
\KV@toks@=\toks17
)
(c:/texlive/2024/texmf-dist/tex/latex/graphics/graphics.sty
Package: graphics 2022/03/10 v1.4e Standard LaTeX Graphics (DPC,SPQR)

(c:/texlive/2024/texmf-dist/tex/latex/graphics/trig.sty
Package: trig 2021/08/11 v1.11 sin cos tan (DPC)
)
(c:/texlive/2024/texmf-dist/tex/latex/graphics-cfg/graphics.cfg
File: graphics.cfg 2016/06/04 v1.11 sample graphics configuration
)
Package graphics Info: Driver file: dvips.def on input line 107.

(c:/texlive/2024/texmf-dist/tex/latex/graphics-def/dvips.def
File: dvips.def 2022/09/22 v3.1e Graphics/color driver for dvips
))
\Gin@req@height=\dimen141
\Gin@req@width=\dimen142
)
*\newbox\ASYbox
\ASYbox=\box51

*\newdimen\ASYdimen
\ASYdimen=\dimen143

*\def\ASYprefix{}

*\long\def\ASYbase#1#2{\leavevmode\setbox\ASYbox=\hbox{#1}%\ASYdimen=\ht\ASYbox
%

*\setbox\ASYbox=\hbox{#2}\lower\ASYdimen\box\ASYbox}

*\makeatletter

*\def\Ginclude@eps#1{%

* \message{<#1>}%

*  \bgroup

*  \def\@tempa{!}%

*  \dimen@\Gin@req@width

*  \dimen@ii.1bp%

*  \divide\dimen@\dimen@ii

*  \@tempdima\Gin@req@height

*  \divide\@tempdima\dimen@ii

*    \special{PSfile=#1\space

*      llx=\Gin@llx\space

*      lly=\Gin@lly\space

*      urx=\Gin@urx\space

*      ury=\Gin@ury\space

*      \ifx\Gin@scalex\@tempa\else rwi=\number\dimen@\space\fi

*      \ifx\Gin@scaley\@tempa\else rhi=\number\@tempdima\space\fi

*      \ifGin@clip clip\fi}%

*  \egroup}

*\makeatother

*\begin{document}
(c:/texlive/2024/texmf-dist/tex/latex/l3backend/l3backend-dvips.def
File: l3backend-dvips.def 2024-03-14 L3 backend support: dvips
\l__pdf_internal_box=\box52
\g__pdf_backend_object_int=\count196
\l__pdf_backend_content_box=\box53
\l__pdf_backend_model_box=\box54
\g__pdf_backend_annotation_int=\count197
\g__pdf_backend_link_int=\count198
\g__pdf_backend_link_sf_int=\count199
)
(./texput.aux)
\openout1 = `texput.aux'.

LaTeX Font Info:    Checking defaults for OML/cmm/m/it on input line 0.
LaTeX Font Info:    ... okay on input line 0.
LaTeX Font Info:    Checking defaults for OMS/cmsy/m/n on input line 0.
LaTeX Font Info:    ... okay on input line 0.
LaTeX Font Info:    Checking defaults for OT1/cmr/m/n on input line 0.
LaTeX Font Info:    ... okay on input line 0.
LaTeX Font Info:    Checking defaults for T1/cmr/m/n on input line 0.
LaTeX Font Info:    ... okay on input line 0.
LaTeX Font Info:    Checking defaults for TS1/cmr/m/n on input line 0.
LaTeX Font Info:    ... okay on input line 0.
LaTeX Font Info:    Checking defaults for OMX/cmex/m/n on input line 0.
LaTeX Font Info:    ... okay on input line 0.
LaTeX Font Info:    Checking defaults for U/cmr/m/n on input line 0.
LaTeX Font Info:    ... okay on input line 0.

*\makeatletter%

*\let\ASYencoding\f@encoding%

*\let\ASYfamily\f@family%

*\let\ASYseries\f@series%

*\let\ASYshape\f@shape%

*\makeatother%

*\fontsize{7}{8.4}\selectfont%

*
(Please type a command or say `\end')
*\usefont{\ASYencoding}{\ASYfamily}{\ASYseries}{\ASYshape}%

*
(Please type a command or say `\end')
*\setbox\ASYbox=\hbox{$\hat{x}$}
LaTeX Font Info:    External font `cmex10' loaded for size
(Font)              <7> on input line 0.
LaTeX Font Info:    External font `cmex10' loaded for size
(Font)              <5> on input line 0.

*
(Please type a command or say `\end')
*\immediate\write16{>dim(\the\wd\ASYbox)dim}
>dim(4.53473pt)dim

*\immediate\write16{>dim(\the\ht\ASYbox)dim}
>dim(4.8611pt)dim

*\immediate\write16{>dim(\the\dp\ASYbox)dim}
>dim(0.0pt)dim

*\fontsize{7}{8.4}\selectfont%

*
(Please type a command or say `\end')
*\usefont{\ASYencoding}{\ASYfamily}{\ASYseries}{\ASYshape}%

*
(Please type a command or say `\end')
*\setbox\ASYbox=\hbox{$\hat{y}$}

*
(Please type a command or say `\end')
*\immediate\write16{>dim(\the\wd\ASYbox)dim}
>dim(4.30675pt)dim

*\immediate\write16{>dim(\the\ht\ASYbox)dim}
>dim(4.8611pt)dim

*\immediate\write16{>dim(\the\dp\ASYbox)dim}
>dim(1.3611pt)dim

*\fontsize{7}{8.4}\selectfont%

*
(Please type a command or say `\end')
*\usefont{\ASYencoding}{\ASYfamily}{\ASYseries}{\ASYshape}%

*
(Please type a command or say `\end')
*\setbox\ASYbox=\hbox{$\hat{z}$}

*
(Please type a command or say `\end')
*\immediate\write16{>dim(\the\wd\ASYbox)dim}
>dim(4.10768pt)dim

*\immediate\write16{>dim(\the\ht\ASYbox)dim}
>dim(4.8611pt)dim

*\immediate\write16{>dim(\the\dp\ASYbox)dim}
>dim(0.0pt)dim

*\fontsize{7}{8.4}\selectfont%

*
(Please type a command or say `\end')
*\usefont{\ASYencoding}{\ASYfamily}{\ASYseries}{\ASYshape}%

*
(Please type a command or say `\end')
*\setbox\ASYbox=\hbox{$c_x$}

*
(Please type a command or say `\end')
*\immediate\write16{>dim(\the\wd\ASYbox)dim}
>dim(8.0321pt)dim

*\immediate\write16{>dim(\the\ht\ASYbox)dim}
>dim(3.01389pt)dim

*\immediate\write16{>dim(\the\dp\ASYbox)dim}
>dim(1.0pt)dim

*\fontsize{7}{8.4}\selectfont%

*
(Please type a command or say `\end')
*\usefont{\ASYencoding}{\ASYfamily}{\ASYseries}{\ASYshape}%

*
(Please type a command or say `\end')
*\setbox\ASYbox=\hbox{$c_y$}

*
(Please type a command or say `\end')
*\immediate\write16{>dim(\the\wd\ASYbox)dim}
>dim(7.90594pt)dim

*\immediate\write16{>dim(\the\ht\ASYbox)dim}
>dim(3.01389pt)dim

*\immediate\write16{>dim(\the\dp\ASYbox)dim}
>dim(1.97221pt)dim

*\fontsize{7}{8.4}\selectfont%

*
(Please type a command or say `\end')
*\usefont{\ASYencoding}{\ASYfamily}{\ASYseries}{\ASYshape}%

*
(Please type a command or say `\end')
*\setbox\ASYbox=\hbox{$c_z$}

*
(Please type a command or say `\end')
*\immediate\write16{>dim(\the\wd\ASYbox)dim}
>dim(7.70222pt)dim

*\immediate\write16{>dim(\the\ht\ASYbox)dim}
>dim(3.01389pt)dim

*\immediate\write16{>dim(\the\dp\ASYbox)dim}
>dim(1.0pt)dim

*\fontsize{7}{8.4}\selectfont%

*
(Please type a command or say `\end')
*\usefont{\ASYencoding}{\ASYfamily}{\ASYseries}{\ASYshape}%

*
(Please type a command or say `\end')
*\setbox\ASYbox=\hbox{$k$}

*
(Please type a command or say `\end')
*\immediate\write16{>dim(\the\wd\ASYbox)dim}
>dim(4.42017pt)dim

*\immediate\write16{>dim(\the\ht\ASYbox)dim}
>dim(4.8611pt)dim

*\immediate\write16{>dim(\the\dp\ASYbox)dim}
>dim(0.0pt)dim

*\fontsize{7}{8.4}\selectfont%

*
(Please type a command or say `\end')
*\usefont{\ASYencoding}{\ASYfamily}{\ASYseries}{\ASYshape}%

*
(Please type a command or say `\end')
*\setbox\ASYbox=\hbox{$\hat{x}$}

*
(Please type a command or say `\end')
*\immediate\write16{>dim(\the\wd\ASYbox)dim}
>dim(4.53473pt)dim

*\immediate\write16{>dim(\the\ht\ASYbox)dim}
>dim(4.8611pt)dim

*\immediate\write16{>dim(\the\dp\ASYbox)dim}
>dim(0.0pt)dim

*\fontsize{7}{8.4}\selectfont%

*
(Please type a command or say `\end')
*\usefont{\ASYencoding}{\ASYfamily}{\ASYseries}{\ASYshape}%

*
(Please type a command or say `\end')
*\setbox\ASYbox=\hbox{$\hat{x}$}

*
(Please type a command or say `\end')
*\immediate\write16{>dim(\the\wd\ASYbox)dim}
>dim(4.53473pt)dim

*\immediate\write16{>dim(\the\ht\ASYbox)dim}
>dim(4.8611pt)dim

*\immediate\write16{>dim(\the\dp\ASYbox)dim}
>dim(0.0pt)dim

*\fontsize{7}{8.4}\selectfont%

*
(Please type a command or say `\end')
*\usefont{\ASYencoding}{\ASYfamily}{\ASYseries}{\ASYshape}%

*
(Please type a command or say `\end')
*\setbox\ASYbox=\hbox{$\hat{y}$}

*
(Please type a command or say `\end')
*\immediate\write16{>dim(\the\wd\ASYbox)dim}
>dim(4.30675pt)dim

*\immediate\write16{>dim(\the\ht\ASYbox)dim}
>dim(4.8611pt)dim

*\immediate\write16{>dim(\the\dp\ASYbox)dim}
>dim(1.3611pt)dim

*\fontsize{7}{8.4}\selectfont%

*
(Please type a command or say `\end')
*\usefont{\ASYencoding}{\ASYfamily}{\ASYseries}{\ASYshape}%

*
(Please type a command or say `\end')
*\setbox\ASYbox=\hbox{$\hat{y}$}

*
(Please type a command or say `\end')
*\immediate\write16{>dim(\the\wd\ASYbox)dim}
>dim(4.30675pt)dim

*\immediate\write16{>dim(\the\ht\ASYbox)dim}
>dim(4.8611pt)dim

*\immediate\write16{>dim(\the\dp\ASYbox)dim}
>dim(1.3611pt)dim

*\fontsize{7}{8.4}\selectfont%

*
(Please type a command or say `\end')
*\usefont{\ASYencoding}{\ASYfamily}{\ASYseries}{\ASYshape}%

*
(Please type a command or say `\end')
*\setbox\ASYbox=\hbox{$\hat{z}$}

*
(Please type a command or say `\end')
*\immediate\write16{>dim(\the\wd\ASYbox)dim}
>dim(4.10768pt)dim

*\immediate\write16{>dim(\the\ht\ASYbox)dim}
>dim(4.8611pt)dim

*\immediate\write16{>dim(\the\dp\ASYbox)dim}
>dim(0.0pt)dim

*\fontsize{7}{8.4}\selectfont%

*
(Please type a command or say `\end')
*\usefont{\ASYencoding}{\ASYfamily}{\ASYseries}{\ASYshape}%

*
(Please type a command or say `\end')
*\setbox\ASYbox=\hbox{$\hat{z}$}

*
(Please type a command or say `\end')
*\immediate\write16{>dim(\the\wd\ASYbox)dim}
>dim(4.10768pt)dim

*\immediate\write16{>dim(\the\ht\ASYbox)dim}
>dim(4.8611pt)dim

*\immediate\write16{>dim(\the\dp\ASYbox)dim}
>dim(0.0pt)dim

*\fontsize{7}{8.4}\selectfont%

*
(Please type a command or say `\end')
*\usefont{\ASYencoding}{\ASYfamily}{\ASYseries}{\ASYshape}%

*
(Please type a command or say `\end')
*\setbox\ASYbox=\hbox{$c_x$}

*
(Please type a command or say `\end')
*\immediate\write16{>dim(\the\wd\ASYbox)dim}
>dim(8.0321pt)dim

*\immediate\write16{>dim(\the\ht\ASYbox)dim}
>dim(3.01389pt)dim

*\immediate\write16{>dim(\the\dp\ASYbox)dim}
>dim(1.0pt)dim

*\fontsize{7}{8.4}\selectfont%

*
(Please type a command or say `\end')
*\usefont{\ASYencoding}{\ASYfamily}{\ASYseries}{\ASYshape}%

*
(Please type a command or say `\end')
*\setbox\ASYbox=\hbox{$c_x$}

*
(Please type a command or say `\end')
*\immediate\write16{>dim(\the\wd\ASYbox)dim}
>dim(8.0321pt)dim

*\immediate\write16{>dim(\the\ht\ASYbox)dim}
>dim(3.01389pt)dim

*\immediate\write16{>dim(\the\dp\ASYbox)dim}
>dim(1.0pt)dim

*\fontsize{7}{8.4}\selectfont%

*
(Please type a command or say `\end')
*\usefont{\ASYencoding}{\ASYfamily}{\ASYseries}{\ASYshape}%

*
(Please type a command or say `\end')
*\setbox\ASYbox=\hbox{$c_y$}

*
(Please type a command or say `\end')
*\immediate\write16{>dim(\the\wd\ASYbox)dim}
>dim(7.90594pt)dim

*\immediate\write16{>dim(\the\ht\ASYbox)dim}
>dim(3.01389pt)dim

*\immediate\write16{>dim(\the\dp\ASYbox)dim}
>dim(1.97221pt)dim

*\fontsize{7}{8.4}\selectfont%

*
(Please type a command or say `\end')
*\usefont{\ASYencoding}{\ASYfamily}{\ASYseries}{\ASYshape}%

*
(Please type a command or say `\end')
*\setbox\ASYbox=\hbox{$c_y$}

*
(Please type a command or say `\end')
*\immediate\write16{>dim(\the\wd\ASYbox)dim}
>dim(7.90594pt)dim

*\immediate\write16{>dim(\the\ht\ASYbox)dim}
>dim(3.01389pt)dim

*\immediate\write16{>dim(\the\dp\ASYbox)dim}
>dim(1.97221pt)dim

*\fontsize{7}{8.4}\selectfont%

*
(Please type a command or say `\end')
*\usefont{\ASYencoding}{\ASYfamily}{\ASYseries}{\ASYshape}%

*
(Please type a command or say `\end')
*\setbox\ASYbox=\hbox{$c_z$}

*
(Please type a command or say `\end')
*\immediate\write16{>dim(\the\wd\ASYbox)dim}
>dim(7.70222pt)dim

*\immediate\write16{>dim(\the\ht\ASYbox)dim}
>dim(3.01389pt)dim

*\immediate\write16{>dim(\the\dp\ASYbox)dim}
>dim(1.0pt)dim

*\fontsize{7}{8.4}\selectfont%

*
(Please type a command or say `\end')
*\usefont{\ASYencoding}{\ASYfamily}{\ASYseries}{\ASYshape}%

*
(Please type a command or say `\end')
*\setbox\ASYbox=\hbox{$c_z$}

*
(Please type a command or say `\end')
*\immediate\write16{>dim(\the\wd\ASYbox)dim}
>dim(7.70222pt)dim

*\immediate\write16{>dim(\the\ht\ASYbox)dim}
>dim(3.01389pt)dim

*\immediate\write16{>dim(\the\dp\ASYbox)dim}
>dim(1.0pt)dim

*\fontsize{7}{8.4}\selectfont%

*
(Please type a command or say `\end')
*\usefont{\ASYencoding}{\ASYfamily}{\ASYseries}{\ASYshape}%

*
(Please type a command or say `\end')
*\setbox\ASYbox=\hbox{$k$}

*
(Please type a command or say `\end')
*\immediate\write16{>dim(\the\wd\ASYbox)dim}
>dim(4.42017pt)dim

*\immediate\write16{>dim(\the\ht\ASYbox)dim}
>dim(4.8611pt)dim

*\immediate\write16{>dim(\the\dp\ASYbox)dim}
>dim(0.0pt)dim

*\fontsize{7}{8.4}\selectfont%

*
(Please type a command or say `\end')
*\usefont{\ASYencoding}{\ASYfamily}{\ASYseries}{\ASYshape}%

*
(Please type a command or say `\end')
*\setbox\ASYbox=\hbox{$k$}

*
(Please type a command or say `\end')
*\immediate\write16{>dim(\the\wd\ASYbox)dim}
>dim(4.42017pt)dim

*\immediate\write16{>dim(\the\ht\ASYbox)dim}
>dim(4.8611pt)dim

*\immediate\write16{>dim(\the\dp\ASYbox)dim}
>dim(0.0pt)dim

*
! Emergency stop.
<*> 
    
End of file on the terminal!

 
Here is how much of TeX's memory you used:
 838 strings out of 474104
 14339 string characters out of 5747508
 1925493 words of memory out of 5000000
 23278 multiletter control sequences out of 15000+600000
 558367 words of font info for 37 fonts, out of 8000000 for 9000
 1141 hyphenation exceptions out of 8191
 56i,2n,65p,202b,60s stack positions out of 10000i,1000n,20000p,200000b,200000s
No pages of output.
